"K:/RoombaBall/Content/ThirdPersonBP/Blueprints/UI/WBP_CharacterSelect.uasset" 0
"K:/RoombaBall/Content/ThirdPersonBP/Blueprints/UI/WBP_PlayerStart.uasset" 1
"K:/RoombaBall/Content/ThirdPersonBP/Blueprints/UI/WBP_MatchStartScreen.uasset" 2
"K:/RoombaBall/Content/ThirdPersonBP/Blueprints/BPI_BallPlayerRoomba.uasset" 3
"K:/RoombaBall/Content/StarterContent/RoombaAssets/TeamRed_Material.uasset" 4
"K:/RoombaBall/Content/StarterContent/RoombaAssets/TeamBlue_Material.uasset" 5
"K:/RoombaBall/Content/StarterContent/RoombaAssets/DomesticRobot_1293_UCX_DomesticRobot_1293_Skeleton.uasset" 6
"K:/RoombaBall/Content/StarterContent/RoombaAssets/DomesticRobot_1293_UCX_DomesticRobot_1293_PhysicsAsset.uasset" 7
"K:/RoombaBall/Content/StarterContent/RoombaAssets/DomesticRobot_1293_DomesticRobot_1293_Skeleton.uasset" 8
"K:/RoombaBall/Content/StarterContent/RoombaAssets/DomesticRobot_1293_DomesticRobot_1293_PhysicsAsset.uasset" 9
"K:/RoombaBall/Content/StarterContent/RoombaAssets/04___Default.uasset" 10
"K:/RoombaBall/Content/StarterContent/RoombaAssets/03___Default.uasset" 11
"K:/RoombaBall/Content/StarterContent/RoombaAssets/02___Default.uasset" 12
"K:/RoombaBall/Content/StarterContent/RoombaAssets/DomesticRobot_1293.uasset" 13
"K:/RoombaBall/Content/Blueprints/BPI_CleanupInterface.uasset" 14
"../../../Engine/Content/EditorBlueprintResources/StandardMacros.uasset" 15
"K:/RoombaBall/Content/Blueprints/BP_InputReceiver.uasset" 16
"K:/RoombaBall/Content/Blueprints/BPI_GameMode.uasset" 17
"K:/RoombaBall/Content/ThirdPersonBP/Blueprints/BP_BallPlayerRoomba.uasset" 18
"K:/RoombaBall/Content/ThirdPersonBP/Blueprints/BPI_Puck.uasset" 19
"K:/RoombaBall/Content/StarterContent/Materials/Puck_Material.uasset" 20
"K:/RoombaBall/Content/ThirdPersonBP/Blueprints/UI/WBP_VictoryScreen.uasset" 21
"K:/RoombaBall/Content/StarterContent/UIAssets/Group_1.uasset" 22
"K:/RoombaBall/Content/ThirdPersonBP/Blueprints/UI/WBP_Scoreboard.uasset" 23
"K:/RoombaBall/Content/Blueprints/BP_MatchManager.uasset" 24
"../../../Engine/Content/Functions/Engine_MaterialFunctions01/Opacity/CameraDepthFade.uasset" 25
"../../../Engine/Content/EngineMaterials/T_Default_Material_Grid_N.uasset" 26
"../../../Engine/Content/EngineMaterials/T_Default_Material_Grid_M.uasset" 27
"../../../Engine/Content/EngineMaterials/DefaultMaterial.uasset" 28
"../../../Engine/Content/BasicShapes/Sphere.uasset" 29
"K:/RoombaBall/Content/ThirdPersonBP/Blueprints/BP_Puck.uasset" 30
"../../../Engine/Content/BasicShapes/BasicShapeMaterial.uasset" 31
"K:/RoombaBall/Content/Blueprints/BP_Camera.uasset" 32
"K:/RoombaBall/Content/Blueprints/PlayBall_GameMode.uasset" 33
"K:/RoombaBall/Content/Blueprints/MyGameMode.uasset" 34
"K:/RoombaBall/Content/Geometry/Meshes/CubeMaterial.uasset" 35
"K:/RoombaBall/Content/Geometry/Meshes/1M_Cube_Chamfer.uasset" 36
"K:/RoombaBall/Content/Mannequin/Character/Mesh/UE4_Mannequin_Skeleton.uasset" 37
"K:/RoombaBall/Content/Mannequin/Animations/ThirdPersonJump_End.uasset" 38
"K:/RoombaBall/Content/Mannequin/Character/Mesh/SK_Mannequin_Female_PhysicsAsset.uasset" 39
"K:/RoombaBall/Content/Mannequin/Character/Textures/T_UE4Logo_N.uasset" 40
"K:/RoombaBall/Content/Mannequin/Character/Materials/MaterialLayers/T_ML_Aluminum01.uasset" 41
"K:/RoombaBall/Content/Mannequin/Character/Materials/MaterialLayers/T_ML_Aluminum01_N.uasset" 42
"K:/RoombaBall/Content/Mannequin/Character/Materials/MaterialLayers/ML_SoftMetal_UE4.uasset" 43
"K:/RoombaBall/Content/Mannequin/Character/Textures/T_UE4Logo_Mask.uasset" 44
"K:/RoombaBall/Content/Mannequin/Character/Materials/MaterialLayers/ML_Plastic_Shiny_Beige_LOGO.uasset" 45
"K:/RoombaBall/Content/Mannequin/Character/Materials/MaterialLayers/T_ML_Rubber_Blue_01_D.uasset" 46
"K:/RoombaBall/Content/Mannequin/Character/Materials/MaterialLayers/T_ML_Rubber_Blue_01_N.uasset" 47
"K:/RoombaBall/Content/Mannequin/Character/Textures/T_Male_Mask.uasset" 48
"K:/RoombaBall/Content/Mannequin/Character/Textures/T_Male_N.uasset" 49
"../../../Engine/Content/Functions/Engine_MaterialFunctions02/Utility/BlendAngleCorrectedNormals.uasset" 50
"../../../Engine/Content/Functions/MaterialLayerFunctions/MatLayerBlend_NormalBlend.uasset" 51
"K:/RoombaBall/Content/Mannequin/Character/Materials/MaterialLayers/ML_GlossyBlack_Latex_UE4.uasset" 52
"K:/RoombaBall/Content/Mannequin/Character/Materials/MaterialLayers/ML_Plastic_Shiny_Beige.uasset" 53
"../../../Engine/Content/Functions/MaterialLayerFunctions/MatLayerBlend_Simple.uasset" 54
"K:/RoombaBall/Content/Mannequin/Character/Materials/M_Male_Body.uasset" 55
"K:/RoombaBall/Content/Mannequin/Character/Materials/M_UE4Man_ChestLogo.uasset" 56
"K:/RoombaBall/Content/Mannequin/Character/Textures/T_Female_Mask.uasset" 57
"K:/RoombaBall/Content/Mannequin/Character/Textures/T_Female_N.uasset" 58
"K:/RoombaBall/Content/Mannequin/Character/Materials/MI_Female_Body.uasset" 59
"K:/RoombaBall/Content/Mannequin/Character/Mesh/SK_Mannequin_Female.uasset" 60
"K:/RoombaBall/Content/StarterContent/Materials/M_Basic_Wall.uasset" 61
"K:/RoombaBall/Content/StarterContent/Architecture/Pillar_50x500.uasset" 62
"K:/RoombaBall/Content/StarterContent/Architecture/Wall_400x300.uasset" 63
"K:/RoombaBall/Content/StarterContent/Architecture/Wall_400x400.uasset" 64
"K:/RoombaBall/Content/StarterContent/Architecture/Wall_500x500.uasset" 65
"K:/RoombaBall/Content/StarterContent/Architecture/Wall_Door_400x400.uasset" 66
"K:/RoombaBall/Content/StarterContent/Architecture/Wall_Window_400x400.uasset" 67
"K:/RoombaBall/Content/StarterContent/Audio/Collapse01.uasset" 68
"K:/RoombaBall/Content/StarterContent/Audio/Collapse02.uasset" 69
"K:/RoombaBall/Content/StarterContent/Audio/Explosion01.uasset" 70
"K:/RoombaBall/Content/StarterContent/Audio/Explosion02.uasset" 71
"K:/RoombaBall/Content/StarterContent/Audio/Fire01.uasset" 72
"K:/RoombaBall/Content/StarterContent/Audio/Fire_Sparks01.uasset" 73
"K:/RoombaBall/Content/StarterContent/Audio/Light01.uasset" 74
"K:/RoombaBall/Content/StarterContent/Audio/Light01_Cue.uasset" 75
"K:/RoombaBall/Content/StarterContent/Audio/Light02.uasset" 76
"K:/RoombaBall/Content/StarterContent/Audio/Light02_Cue.uasset" 77
"K:/RoombaBall/Content/StarterContent/Audio/Smoke01.uasset" 78
"K:/RoombaBall/Content/StarterContent/Audio/Starter_Birds01.uasset" 79
"K:/RoombaBall/Content/StarterContent/Audio/Starter_Music01.uasset" 80
"K:/RoombaBall/Content/StarterContent/Audio/Starter_Wind05.uasset" 81
"K:/RoombaBall/Content/StarterContent/Audio/Starter_Wind06.uasset" 82
"K:/RoombaBall/Content/StarterContent/Audio/Steam01.uasset" 83
"K:/RoombaBall/Content/StarterContent/Textures/T_Smoke_Tiled_D.uasset" 84
"K:/RoombaBall/Content/StarterContent/Textures/T_Smoke_SubUV.uasset" 85
"K:/RoombaBall/Content/StarterContent/Particles/Materials/M_smoke_subUV.uasset" 86
"../../../Engine/Content/Functions/Engine_MaterialFunctions01/Gradient/RadialGradient.uasset" 87
"K:/RoombaBall/Content/StarterContent/Particles/Materials/M_radial_ramp.uasset" 88
"K:/RoombaBall/Content/StarterContent/Particles/Materials/m_flare_01.uasset" 89
"K:/RoombaBall/Content/StarterContent/Textures/T_Explosion_SubUV.uasset" 90
"K:/RoombaBall/Content/StarterContent/Particles/Materials/M_explosion_subUV.uasset" 91
"K:/RoombaBall/Content/StarterContent/Textures/T_Burst_M.uasset" 92
"K:/RoombaBall/Content/StarterContent/Particles/Materials/M_Burst.uasset" 93
"K:/RoombaBall/Content/StarterContent/Particles/P_Explosion.uasset" 94
"K:/RoombaBall/Content/StarterContent/Audio/Explosion_Cue.uasset" 95
"K:/RoombaBall/Content/StarterContent/Blueprints/Blueprint_Effect_Explosion.uasset" 96
"../../../Engine/Content/EditorMeshes/ColorCalibrator/T_ColorGrid.uasset" 97
"K:/RoombaBall/Content/StarterContent/Materials/M_ColorGrid_LowSpec.uasset" 98
"K:/RoombaBall/Content/StarterContent/Materials/TeamBlue_Material.uasset" 99
"K:/RoombaBall/Content/StarterContent/Textures/T_Bush_N.uasset" 100
"K:/RoombaBall/Content/StarterContent/Textures/T_Bush_D.uasset" 101
"K:/RoombaBall/Content/StarterContent/Props/Materials/M_Bush.uasset" 102
"K:/RoombaBall/Content/StarterContent/Props/SM_Bush.uasset" 103
"K:/RoombaBall/Content/StarterContent/Textures/T_Chair_N.uasset" 104
"K:/RoombaBall/Content/StarterContent/Textures/T_Chair_M.uasset" 105
"K:/RoombaBall/Content/StarterContent/Props/Materials/M_Chair.uasset" 106
"K:/RoombaBall/Content/StarterContent/Props/SM_Couch.uasset" 107
"K:/RoombaBall/Content/StarterContent/Materials/M_Glass.uasset" 108
"K:/RoombaBall/Content/StarterContent/Textures/T_Door_N.uasset" 109
"K:/RoombaBall/Content/StarterContent/Textures/T_Door_M.uasset" 110
"K:/RoombaBall/Content/StarterContent/Props/Materials/M_Door.uasset" 111
"K:/RoombaBall/Content/StarterContent/Props/SM_Door.uasset" 112
"K:/RoombaBall/Content/StarterContent/Props/Materials/M_MaterialSphere_Plain.uasset" 113
"K:/RoombaBall/Content/StarterContent/Props/Materials/M_MaterialSphere.uasset" 114
"K:/RoombaBall/Content/StarterContent/Props/SM_MatPreviewMesh_02.uasset" 115
"K:/RoombaBall/Content/StarterContent/Textures/T_Rock_Basalt_D.uasset" 116
"K:/RoombaBall/Content/StarterContent/Textures/T_RockMesh_N.uasset" 117
"K:/RoombaBall/Content/StarterContent/Textures/T_RockMesh_M.uasset" 118
"K:/RoombaBall/Content/StarterContent/Textures/T_Detail_Rocky_N.uasset" 119
"K:/RoombaBall/Content/StarterContent/Props/Materials/M_Rock.uasset" 120
"K:/RoombaBall/Content/StarterContent/Props/SM_Rock.uasset" 121
"K:/RoombaBall/Content/StarterContent/Textures/T_Shelf_N.uasset" 122
"K:/RoombaBall/Content/StarterContent/Textures/T_Shelf_M.uasset" 123
"K:/RoombaBall/Content/StarterContent/Props/Materials/M_Shelf.uasset" 124
"K:/RoombaBall/Content/StarterContent/Props/SM_Shelf.uasset" 125
"K:/RoombaBall/Content/StarterContent/Materials/M_Basic_Floor.uasset" 126
"K:/RoombaBall/Content/StarterContent/Props/SM_Stairs.uasset" 127
"K:/RoombaBall/Content/StarterContent/RoombaAssets/thumbnail.uasset" 128
"K:/RoombaBall/Content/StarterContent/Shapes/Shape_Cone.uasset" 129
"K:/RoombaBall/Content/StarterContent/Shapes/Shape_Cylinder.uasset" 130
"K:/RoombaBall/Content/StarterContent/Shapes/Shape_NarrowCapsule.uasset" 131
"K:/RoombaBall/Content/StarterContent/Shapes/Shape_Pipe.uasset" 132
"K:/RoombaBall/Content/StarterContent/Shapes/Shape_Pipe_180.uasset" 133
"K:/RoombaBall/Content/StarterContent/Shapes/Shape_Pipe_90.uasset" 134
"K:/RoombaBall/Content/StarterContent/Shapes/Shape_Plane.uasset" 135
"K:/RoombaBall/Content/StarterContent/Shapes/Shape_Torus.uasset" 136
"K:/RoombaBall/Content/StarterContent/Shapes/Shape_Trim.uasset" 137
"K:/RoombaBall/Content/StarterContent/Shapes/Shape_Trim_90_In.uasset" 138
"K:/RoombaBall/Content/StarterContent/Shapes/Shape_Trim_90_Out.uasset" 139
"K:/RoombaBall/Content/StarterContent/Shapes/Shape_TriPyramid.uasset" 140
"K:/RoombaBall/Content/StarterContent/Shapes/Shape_Tube.uasset" 141
"K:/RoombaBall/Content/StarterContent/Shapes/Shape_Wedge_A.uasset" 142
"K:/RoombaBall/Content/StarterContent/Shapes/Shape_Wedge_B.uasset" 143
"K:/RoombaBall/Content/StarterContent/Shapes/Shape_WideCapsule.uasset" 144
"K:/RoombaBall/Content/ThirdPerson/Meshes/RampMaterial.uasset" 145
"K:/RoombaBall/Content/ThirdPerson/Meshes/Bump_StaticMesh.uasset" 146
"K:/RoombaBall/Content/ThirdPerson/Meshes/LeftArm_StaticMesh.uasset" 147
"K:/RoombaBall/Content/ThirdPerson/Meshes/Linear_Stair_StaticMesh.uasset" 148
"K:/RoombaBall/Content/ThirdPerson/Meshes/Ramp_StaticMesh.uasset" 149
"K:/RoombaBall/Content/ThirdPerson/Meshes/RightArm_StaticMesh.uasset" 150
"K:/RoombaBall/Content/ThirdPersonBP/ThirdPersonOverview.uasset" 151
"K:/RoombaBall/Content/ThirdPersonBP/Blueprints/Ball.uasset" 152
"K:/RoombaBall/Content/Mannequin/Character/Mesh/SK_Mannequin_PhysicsAsset.uasset" 153
"K:/RoombaBall/Content/Mannequin/Character/Mesh/SK_Mannequin.uasset" 154
"K:/RoombaBall/Content/Mannequin/Animations/ThirdPersonJump_Loop.uasset" 155
"K:/RoombaBall/Content/Mannequin/Animations/ThirdPersonJump_Start.uasset" 156
"K:/RoombaBall/Content/Mannequin/Animations/ThirdPerson_Jump.uasset" 157
"K:/RoombaBall/Content/Mannequin/Animations/ThirdPersonIdle.uasset" 158
"K:/RoombaBall/Content/Mannequin/Animations/ThirdPersonRun.uasset" 159
"K:/RoombaBall/Content/Mannequin/Animations/ThirdPersonWalk.uasset" 160
"K:/RoombaBall/Content/Mannequin/Animations/ThirdPerson_IdleRun_2D.uasset" 161
"K:/RoombaBall/Content/Mannequin/Animations/ThirdPerson_AnimBP.uasset" 162
"K:/RoombaBall/Content/ThirdPersonBP/Blueprints/BP_BallPlayer.uasset" 163
"K:/RoombaBall/Content/ThirdPersonBP/Blueprints/ThirdPersonCharacter.uasset" 164
"K:/RoombaBall/Content/ThirdPersonBP/Blueprints/ThirdPersonGameMode.uasset" 165
"K:/RoombaBall/Content/Blueprints/ObjectiveBP.uasset" 166
"K:/RoombaBall/Content/UI/UIBlueprints/Objective.uasset" 167
"K:/RoombaBall/Content/Blueprints/ObjectiveHandlerBP.uasset" 168
"K:/RoombaBall/Content/UI/UIBlueprints/ObjectiveJournal.uasset" 169
"../../../Engine/Content/Animation/DefaultAnimBoneCompressionSettings.uasset" 170
"../../../Engine/Content/Animation/DefaultAnimCurveCompressionSettings.uasset" 171
"../../../Engine/Content/EngineMaterials/WorldGridMaterial.uasset" 172
"../../../Engine/Content/ArtTools/RenderToTexture/Meshes/S_1_Unit_Plane.uasset" 173
"../../../Engine/Content/BasicShapes/Cone.uasset" 174
"../../../Engine/Content/BasicShapes/Cube.uasset" 175
"../../../Engine/Content/BasicShapes/Plane.uasset" 176
"../../../Engine/Content/EditorLandscapeResources/DataLayer.uasset" 177
"../../../Engine/Content/EditorLandscapeResources/DefaultAlphaTexture.uasset" 178
"../../../Engine/Content/EditorMaterials/MAT_Groups_Toggle.uasset" 179
"../../../Engine/Content/EditorMaterials/MAT_Groups_Visibility.uasset" 180
"../../../Engine/Content/EditorMaterials/PreviewShadowIndicator.uasset" 181
"../../../Engine/Content/EditorMaterials/PreviewShadowIndicatorMaterial.uasset" 182
"../../../Engine/Content/EditorMaterials/MatineeGroups/MAT_ColorTrack.uasset" 183
"../../../Engine/Content/EditorMaterials/MatineeGroups/MAT_Groups_Anim.uasset" 184
"../../../Engine/Content/EditorMaterials/MatineeGroups/MAT_Groups_AudioMaster.uasset" 185
"../../../Engine/Content/EditorMaterials/MatineeGroups/MAT_Groups_Director.uasset" 186
"../../../Engine/Content/EditorMaterials/MatineeGroups/MAT_Groups_Event.uasset" 187
"../../../Engine/Content/EditorMaterials/MatineeGroups/MAT_Groups_Fade.uasset" 188
"../../../Engine/Content/EditorMaterials/MatineeGroups/MAT_Groups_Float.uasset" 189
"../../../Engine/Content/EditorMaterials/MatineeGroups/MAT_Groups_Move.uasset" 190
"../../../Engine/Content/EditorMaterials/MatineeGroups/MAT_Groups_Slomo.uasset" 191
"../../../Engine/Content/EditorMaterials/MatineeGroups/MAT_Groups_Sound.uasset" 192
"../../../Engine/Content/EditorMaterials/MatineeGroups/MAT_Groups_Vector.uasset" 193
"../../../Engine/Content/EditorMaterials/ParticleSystems/PSysThumbnail_NoImage.uasset" 194
"../../../Engine/Content/EditorMaterials/ParticleSystems/PSysThumbnail_OOD.uasset" 195
"../../../Engine/Content/EditorMaterials/Camera/CineMat.uasset" 196
"../../../Engine/Content/EditorMaterials/Camera/MI_CineMat_Rig.uasset" 197
"../../../Engine/Content/EditorMeshes/Camera/SM_CraneRig_Arm.uasset" 198
"../../../Engine/Content/EditorMeshes/Camera/SM_CraneRig_Base.uasset" 199
"../../../Engine/Content/EditorMeshes/Camera/SM_CraneRig_Body.uasset" 200
"../../../Engine/Content/EditorMeshes/Camera/SM_CraneRig_Mount.uasset" 201
"../../../Engine/Content/EditorMeshes/Camera/SM_RailRig_Mount.uasset" 202
"../../../Engine/Content/EditorMeshes/Camera/SM_RailRig_Track.uasset" 203
"../../../Engine/Content/EditorResources/BSPVertex.uasset" 204
"../../../Engine/Content/EditorResources/EmptyActor.uasset" 205
"../../../Engine/Content/EditorResources/S_Actor.uasset" 206
"../../../Engine/Content/EditorResources/S_Note.uasset" 207
"../../../Engine/Content/EditorResources/S_Solver.uasset" 208
"../../../Engine/Content/EditorResources/S_Terrain.uasset" 209
"../../../Engine/Content/EditorResources/S_Trigger.uasset" 210
"../../../Engine/Content/EditorResources/AudioIcons/S_AudioComponent.uasset" 211
"../../../Engine/Content/EditorResources/AudioIcons/S_AudioComponent_AutoActivate.uasset" 212
"../../../Engine/Content/EditorResources/LightIcons/S_LightError.uasset" 213
"../../../Engine/Content/EditorResources/SequenceRecorder/Countdown.uasset" 214
"../../../Engine/Content/EditorResources/SequenceRecorder/RecordingIndicator.uasset" 215
"../../../Engine/Content/EngineDamageTypes/DmgTypeBP_Environmental.uasset" 216
"../../../Engine/Content/EngineDebugMaterials/DebugEditorMaterial.uasset" 217
"../../../Engine/Content/EngineDebugMaterials/DebugMeshMaterial.uasset" 218
"../../../Engine/Content/EngineDebugMaterials/M_SimpleUnlitTranslucent.uasset" 219
"../../../Engine/Content/EngineDebugMaterials/VolumeToRender.uasset" 220
"../../../Engine/Content/Functions/Engine_MaterialFunctions02/Utility/CameraDirectionVector.uasset" 221
"../../../Engine/Content/EngineDebugMaterials/M_VolumeRenderSphereTracePP.uasset" 222
"../../../Engine/Content/Functions/Engine_MaterialFunctions01/Shading/ConvertFromDiffSpec.uasset" 223
"../../../Engine/Content/EngineDebugMaterials/VertexColorMaterial.uasset" 224
"../../../Engine/Content/EngineDebugMaterials/WireframeMaterial.uasset" 225
"../../../Engine/Content/EngineFonts/Faces/RobotoRegular.uasset" 226
"../../../Engine/Content/EngineFonts/Faces/RobotoLight.uasset" 227
"../../../Engine/Content/EngineFonts/Faces/RobotoItalic.uasset" 228
"../../../Engine/Content/EngineFonts/Faces/RobotoBoldItalic.uasset" 229
"../../../Engine/Content/EngineFonts/Faces/RobotoBold.uasset" 230
"../../../Engine/Content/EngineFonts/Faces/DroidSansFallback.uasset" 231
"../../../Engine/Content/EngineFonts/Roboto.uasset" 232
"../../../Engine/Content/EngineMaterials/BaseFlattenNormalMap.uasset" 233
"../../../Engine/Content/EngineMaterials/BaseFlattenGrayscaleMap.uasset" 234
"../../../Engine/Content/EngineMaterials/BaseFlattenEmissiveMap.uasset" 235
"../../../Engine/Content/EngineMaterials/BaseFlattenDiffuseMap.uasset" 236
"../../../Engine/Content/EngineMaterials/BaseFlattenMaterial.uasset" 237
"../../../Engine/Content/EngineMaterials/BlueNoise.uasset" 238
"../../../Engine/Content/EngineMaterials/DefaultBloomKernel.uasset" 239
"../../../Engine/Content/EngineMaterials/DefaultBokeh.uasset" 240
"../../../Engine/Content/EngineMaterials/DefaultDiffuse.uasset" 241
"../../../Engine/Content/EngineMaterials/DefaultDeferredDecalMaterial.uasset" 242
"../../../Engine/Content/EngineMaterials/DefaultLightFunctionMaterial.uasset" 243
"../../../Engine/Content/EngineMaterials/DefaultPhysicalMaterial.uasset" 244
"../../../Engine/Content/Functions/Engine_MaterialFunctions02/Utility/BreakOutFloat2Components.uasset" 245
"../../../Engine/Content/EngineMaterials/DefaultPostProcessMaterial.uasset" 246
"../../../Engine/Content/EngineFonts/RobotoDistanceField.uasset" 247
"../../../Engine/Content/EngineMaterials/DefaultTextMaterialOpaque.uasset" 248
"../../../Engine/Content/EngineMaterials/DefaultWhiteGrid.uasset" 249
"../../../Engine/Content/EngineMaterials/DefaultWhiteGrid_Low.uasset" 250
"../../../Engine/Content/EngineMaterials/EmissiveMeshMaterial.uasset" 251
"../../../Engine/Content/EngineMaterials/GizmoMaterial.uasset" 252
"../../../Engine/Content/EngineMaterials/Good64x64TilingNoiseHighFreq.uasset" 253
"../../../Engine/Content/EngineMaterials/MiniFont.uasset" 254
"../../../Engine/Content/EngineMaterials/InvalidLightmapSettings.uasset" 255
"../../../Engine/Content/EngineMaterials/M_InvalidLightmapSettings.uasset" 256
"../../../Engine/Content/Functions/Engine_MaterialFunctions02/WorldPositionOffset/CameraOffset.uasset" 257
"../../../Engine/Content/EngineMaterials/PhAT_JointLimitMaterial.uasset" 258
"../../../Engine/Content/EngineMaterials/PreintegratedSkinBRDF.uasset" 259
"../../../Engine/Content/EngineMaterials/RemoveSurfaceMaterial.uasset" 260
"../../../Engine/Content/EngineMaterials/WeightMapPlaceholderTexture.uasset" 261
"../../../Engine/Content/EngineResources/WhiteSquareTexture.uasset" 262
"../../../Engine/Content/EngineMaterials/Widget3DPassThrough.uasset" 263
"../../../Engine/Content/EngineMaterials/Widget3DPassThrough_Masked.uasset" 264
"../../../Engine/Content/EngineMaterials/Widget3DPassThrough_Opaque.uasset" 265
"../../../Engine/Content/EngineMaterials/Widget3DPassThrough_Masked_OneSided.uasset" 266
"../../../Engine/Content/EngineMaterials/Widget3DPassThrough_Opaque_OneSided.uasset" 267
"../../../Engine/Content/EngineMaterials/Widget3DPassThrough_Translucent.uasset" 268
"../../../Engine/Content/EngineMaterials/Widget3DPassThrough_Translucent_OneSided.uasset" 269
"../../../Engine/Content/EngineMeshes/Cylinder.uasset" 270
"../../../Engine/Content/EngineMeshes/Sphere.uasset" 271
"../../../Engine/Content/EngineResources/Black.uasset" 272
"../../../Engine/Content/EngineResources/DefaultTextureCube.uasset" 273
"../../../Engine/Content/EngineResources/DefaultVolumeTexture2D.uasset" 274
"../../../Engine/Content/EngineResources/DefaultVolumeTexture.uasset" 275
"../../../Engine/Content/EngineResources/GradientTexture0.uasset" 276
"../../../Engine/Content/EngineSky/VolumetricClouds/T_NoiseShape64.uasset" 277
"../../../Engine/Content/EngineSky/VolumetricClouds/T_VolumeNoiseShape64.uasset" 278
"../../../Engine/Content/EngineSky/VolumetricClouds/T_NoiseErosion.uasset" 279
"../../../Engine/Content/EngineSky/VolumetricClouds/T_VolumeNoiseErosion32.uasset" 280
"../../../Engine/Content/EngineSky/VolumetricClouds/CloudWeatherTexture.uasset" 281
"../../../Engine/Content/EngineSky/VolumetricClouds/CloudGradientTexture.uasset" 282
"../../../Engine/Content/Functions/Engine_MaterialFunctions02/Utility/MakeFloat2.uasset" 283
"../../../Engine/Content/EngineSky/VolumetricClouds/m_SimpleVolumetricCloud.uasset" 284
"../../../Engine/Content/EngineSky/VolumetricClouds/m_SimpleVolumetricCloud_Inst.uasset" 285
"../../../Engine/Content/EngineSounds/Master.uasset" 286
"../../../Engine/Content/Functions/Engine_MaterialFunctions01/Shading/PowerToRoughness.uasset" 287
"../../../Engine/Content/Maps/Templates/Thumbnails/Default.uasset" 288
"../../../Engine/Content/Maps/Templates/Thumbnails/TimeOfDay.uasset" 289
"../../../Engine/Content/Maps/Templates/Thumbnails/VR-Basic.uasset" 290
"../../../Engine/Content/MobileResources/T_MobileControls_texture.uasset" 291
"../../../Engine/Content/MobileResources/T_MobileMenu2.uasset" 292
"../../../Engine/Content/MobileResources/HUD/AnalogHat.uasset" 293
"../../../Engine/Content/MobileResources/HUD/VirtualJoystick_Thumb.uasset" 294
"../../../Engine/Content/MobileResources/HUD/VirtualJoystick_Background.uasset" 295
"../../../Engine/Content/MobileResources/HUD/DefaultVirtualJoysticks.uasset" 296
"../../../Engine/Content/MobileResources/HUD/LeftVirtualJoystickOnly.uasset" 297
"../../../Engine/Content/MobileResources/HUD/MobileHUDButton1_off.uasset" 298
"../../../Engine/Content/MobileResources/HUD/MobileHUDButton1_on.uasset" 299
"../../../Engine/Content/MobileResources/HUD/MobileHUDButton2_off.uasset" 300
"../../../Engine/Content/MobileResources/HUD/MobileHUDButton2_on.uasset" 301
"../../../Engine/Content/MobileResources/HUD/MobileHUDButton3.uasset" 302
"../../../Engine/Content/MobileResources/HUD/MobileHUDButtonFire.uasset" 303
"../../../Engine/Content/MobileResources/HUD/MobileHUDDirectionPad.uasset" 304
"../../../Engine/Content/MobileResources/HUD/MobileHUDDirectionPad2.uasset" 305
"../../../Engine/Content/MobileResources/HUD/MobileHUDDirectionPad3.uasset" 306
"../../../Engine/Content/MobileResources/HUD/MobileHUDDirectionStick.uasset" 307
"../../../Engine/Content/MobileResources/HUD/T_Castle_ThumbstickInner.uasset" 308
"../../../Engine/Content/MobileResources/HUD/T_Castle_ThumbstickOutter.uasset" 309
"../../../Engine/Content/Tutorial/ContentIntroCurve.uasset" 310
"../../../Engine/Content/Tutorial/Basics/LevelEditorAttract.uasset" 311
"../../../Engine/Content/Tutorial/Basics/TutorialAssets/icon_tab_Levels_40x.uasset" 312
"../../../Engine/Content/Tutorial/Basics/LevelEditorOverview.uasset" 313
"../../../Engine/Content/Tutorial/BlueprintTutorials/TutorialAssets/Blueprint_64x.uasset" 314
"../../../Engine/Content/Tutorial/BlueprintTutorials/BlueprintEditorTutorial.uasset" 315
"../../../Engine/Content/Tutorial/BlueprintTutorials/LevelBlueprintEditorOverview.uasset" 316
"../../../Engine/Content/VREditor/TransformGizmo/TranslucentTransformGizmoMaterial.uasset" 317
"../../../Engine/Content/VREditor/LaserPointer/VR_LaserPower_01.uasset" 318
"../../../Engine/Content/VREditor/TransformGizmo/TransformGizmoMaterial.uasset" 319
"../../../Engine/Content/VREditor/TransformGizmo/BoundingBoxCorner.uasset" 320
"../../../Engine/Content/VREditor/TransformGizmo/BoundingBoxEdge.uasset" 321
"../../../Engine/Content/VREditor/TransformGizmo/PlaneTranslationHandle.uasset" 322
"../../../Engine/Content/VREditor/TransformGizmo/Xray.uasset" 323
"../../../Engine/Content/VREditor/TransformGizmo/Main.uasset" 324
"../../../Engine/Content/VREditor/TransformGizmo/SM_Sequencer_Key.uasset" 325
"../../../Engine/Content/VREditor/TransformGizmo/SM_Sequencer_Node.uasset" 326
"../../Plugins/2D/Paper2D/Content/PlaceholderTextures/DummySpriteTexture.uasset" 327
"../../Plugins/2D/Paper2D/Content/DummySprite.uasset" 328
"../../Plugins/2D/Paper2D/Content/DefaultPaperTerrainMaterial.uasset" 329
"../../Plugins/2D/Paper2D/Content/DefaultSpriteMaterial.uasset" 330
"../../Plugins/2D/Paper2D/Content/MaskedUnlitSpriteMaterial.uasset" 331
"../../Plugins/2D/Paper2D/Content/OpaqueUnlitSpriteMaterial.uasset" 332
"../../../Engine/Content/Functions/Engine_MaterialFunctions02/Utility/BreakOutFloat3Components.uasset" 333
"../../../Engine/Content/Functions/Engine_MaterialFunctions02/ObjectLocalBounds.uasset" 334
"../../Plugins/Editor/SpeedTreeImporter/Content/SpeedTree9/UnpackInteger3.uasset" 335
"../../Plugins/Editor/SpeedTreeImporter/Content/SpeedTree9/UnpackDirection.uasset" 336
"../../Plugins/Editor/SpeedTreeImporter/Content/SpeedTree9/game_wind_noise.uasset" 337
"../../../Engine/Content/Functions/Engine_MaterialFunctions02/SafeNormalize.uasset" 338
"../../Plugins/Editor/SpeedTreeImporter/Content/SpeedTree9/SpeedTreeWindMotion.uasset" 339
"../../Plugins/Editor/SpeedTreeImporter/Content/SpeedTree9/SpeedTreeBranchMotion.uasset" 340
"../../../Engine/Content/Functions/Engine_MaterialFunctions02/UVs/BoundingBoxBased_0-1_UVW.uasset" 341
"../../Plugins/Editor/SpeedTreeImporter/Content/SpeedTree9/SpeedTreeWind.uasset" 342
"../../Plugins/Editor/SpeedTreeImporter/Content/SpeedTree9/SpeedTreeBillboard.uasset" 343
"../../../Engine/Content/EngineResources/DefaultTexture.uasset" 344
"../../Plugins/Editor/SpeedTreeImporter/Content/SpeedTree9/SpeedTreeBillboardMaster.uasset" 345
"../../Plugins/Editor/SpeedTreeImporter/Content/SpeedTree9/SpeedTreeCameraFacing.uasset" 346
"../../Plugins/Editor/SpeedTreeImporter/Content/SpeedTree9/SpeedTreeMaster.uasset" 347
"../../../Engine/Content/BasicShapes/Cylinder.uasset" 348
"../../../Engine/Content/ArtTools/RenderToTexture/Materials/Debug/M_Emissive_Color.uasset" 349
"../../Plugins/Lumin/MagicLeapPassableWorld/Content/MagicLeapARPinInfoActor.uasset" 350
"../../../Engine/Content/Functions/Engine_MaterialFunctions02/Utility/BreakOutFloat4Components.uasset" 351
"../../../Engine/Content/Functions/Engine_MaterialFunctions02/Utility/MakeFloat3.uasset" 352
"../../Plugins/Runtime/Oculus/OculusVR/Content/Materials/OculusMR_ChromaKey.uasset" 353
"../../Plugins/Runtime/Oculus/OculusVR/Content/Materials/OculusMR_OpaqueColoredMaterial.uasset" 354
"../../Plugins/Runtime/Oculus/OculusVR/Content/Materials/PokeAHoleMaterial.uasset" 355
"../../../Engine/Content/EditorMeshes/ColorCalibrator/M_GreyBall.uasset" 356
"../../../Engine/Content/EditorMeshes/ColorCalibrator/Color_checker.uasset" 357
"../../../Engine/Content/EditorMeshes/ColorCalibrator/M_ColorGrid.uasset" 358
"../../../Engine/Content/EditorMeshes/ColorCalibrator/M_ClearCoatBlack.uasset" 359
"../../../Engine/Content/EditorMeshes/ColorCalibrator/M_ClearCoat.uasset" 360
"../../../Engine/Content/EditorMeshes/ColorCalibrator/M_ChromeBall.uasset" 361
"../../../Engine/Content/EditorMeshes/ColorCalibrator/SM_ColorCalibrator.uasset" 362
"K:/RoombaBall/Content/StarterContent/Maps/Advanced_Lighting_BuiltData.uasset" 363
"K:/RoombaBall/Content/StarterContent/HDRI/HDRI_Epic_Courtyard_Daylight.uasset" 364
"../../../Engine/Content/MapTemplates/Sky/DaylightAmbientCubemap.uasset" 365
"K:/RoombaBall/Content/StarterContent/Blueprints/Assets/M_LightStage_Skybox_Master.uasset" 366
"K:/RoombaBall/Content/StarterContent/Blueprints/Assets/M_LightStage_Skybox_HDRI.uasset" 367
"K:/RoombaBall/Content/StarterContent/Blueprints/Assets/M_LightStage_Arrows.uasset" 368
"K:/RoombaBall/Content/StarterContent/Blueprints/Assets/SM_Arrows.uasset" 369
"../../../Engine/Content/EditorMaterials/Thumbnails/SkySphereMaterial.uasset" 370
"K:/RoombaBall/Content/StarterContent/Blueprints/Assets/Skybox.uasset" 371
"K:/RoombaBall/Content/StarterContent/Blueprints/Assets/M_LightStage_Skybox_Black.uasset" 372
"K:/RoombaBall/Content/StarterContent/Blueprints/Assets/SunlightColorLUT.uasset" 373
"K:/RoombaBall/Content/StarterContent/Blueprints/Assets/FogBrightnessLUT.uasset" 374
"K:/RoombaBall/Content/StarterContent/Blueprints/BP_LightStudio.uasset" 375
"K:/RoombaBall/Content/StarterContent/Materials/M_AssetPlatform.uasset" 376
"K:/RoombaBall/Content/StarterContent/Architecture/SM_AssetPlatform.uasset" 377
"K:/RoombaBall/Content/StarterContent/Maps/Advanced_Lighting.umap" 378
"../../../Engine/Content/EngineSky/T_Sky_Stars.uasset" 379
"../../../Engine/Content/EngineSky/T_Sky_Clouds_M.uasset" 380
"../../../Engine/Content/EngineSky/T_Sky_Blue.uasset" 381
"../../../Engine/Content/EngineSky/M_Sky_Panning_Clouds2.uasset" 382
"../../../Engine/Content/EngineSky/SM_SkySphere.uasset" 383
"../../../Engine/Content/EngineSky/C_Sky_Zenith_Color.uasset" 384
"../../../Engine/Content/EngineSky/C_Sky_Horizon_Color.uasset" 385
"../../../Engine/Content/EngineSky/C_Sky_Cloud_Color.uasset" 386
"../../../Engine/Content/EngineSky/BP_Sky_Sphere.uasset" 387
"K:/RoombaBall/Content/StarterContent/Audio/Starter_Background_Cue.uasset" 388
"K:/RoombaBall/Content/StarterContent/Architecture/Floor_400x400.uasset" 389
"K:/RoombaBall/Content/StarterContent/Textures/T_TableRound_N.uasset" 390
"K:/RoombaBall/Content/StarterContent/Textures/T_TableRound_M.uasset" 391
"K:/RoombaBall/Content/StarterContent/Props/Materials/M_TableRound.uasset" 392
"K:/RoombaBall/Content/StarterContent/Props/SM_TableRound.uasset" 393
"K:/RoombaBall/Content/StarterContent/Textures/T_Statue_N.uasset" 394
"K:/RoombaBall/Content/StarterContent/Textures/T_Statue_M.uasset" 395
"K:/RoombaBall/Content/StarterContent/Props/Materials/M_Statue.uasset" 396
"K:/RoombaBall/Content/StarterContent/Props/Materials/M_StatueGlass.uasset" 397
"K:/RoombaBall/Content/StarterContent/Props/SM_Statue.uasset" 398
"K:/RoombaBall/Content/StarterContent/Props/SM_Chair.uasset" 399
"K:/RoombaBall/Content/StarterContent/Textures/T_Metal_Copper_D.uasset" 400
"K:/RoombaBall/Content/StarterContent/Textures/T_Metal_Gold_N.uasset" 401
"K:/RoombaBall/Content/StarterContent/Textures/T_MacroVariation.uasset" 402
"K:/RoombaBall/Content/StarterContent/Materials/M_Metal_Copper.uasset" 403
"K:/RoombaBall/Content/StarterContent/Textures/T_Metal_Aluminum_D.uasset" 404
"K:/RoombaBall/Content/StarterContent/Materials/M_Metal_Burnished_Steel.uasset" 405
"K:/RoombaBall/Content/StarterContent/Materials/M_Metal_Brushed_Nickel.uasset" 406
"K:/RoombaBall/Content/StarterContent/Maps/Minimal_Default_BuiltData.uasset" 407
"K:/RoombaBall/Content/StarterContent/Maps/Minimal_Default.umap" 408
"K:/RoombaBall/Content/StarterContent/Textures/T_Lamp_N.uasset" 409
"K:/RoombaBall/Content/StarterContent/Textures/T_Lamp_M.uasset" 410
"K:/RoombaBall/Content/StarterContent/Props/Materials/M_Lamp.uasset" 411
"K:/RoombaBall/Content/StarterContent/Props/SM_Lamp_Wall.uasset" 412
"K:/RoombaBall/Content/StarterContent/Blueprints/Blueprint_WallSconce.uasset" 413
"K:/RoombaBall/Content/StarterContent/Particles/P_Steam_Lit.uasset" 414
"K:/RoombaBall/Content/StarterContent/Audio/Steam01_Cue.uasset" 415
"K:/RoombaBall/Content/StarterContent/Blueprints/Blueprint_Effect_Steam.uasset" 416
"K:/RoombaBall/Content/StarterContent/Textures/T_Spark_Core.uasset" 417
"K:/RoombaBall/Content/StarterContent/Particles/Materials/M_Spark.uasset" 418
"K:/RoombaBall/Content/StarterContent/Particles/Materials/M_Radial_Gradient.uasset" 419
"K:/RoombaBall/Content/StarterContent/Particles/P_Sparks.uasset" 420
"K:/RoombaBall/Content/StarterContent/Audio/Fire_Sparks01_Cue.uasset" 421
"K:/RoombaBall/Content/StarterContent/Blueprints/Blueprint_Effect_Sparks.uasset" 422
"K:/RoombaBall/Content/StarterContent/Particles/P_Smoke.uasset" 423
"K:/RoombaBall/Content/StarterContent/Audio/Smoke01_Cue.uasset" 424
"K:/RoombaBall/Content/StarterContent/Blueprints/Blueprint_Effect_Smoke.uasset" 425
"K:/RoombaBall/Content/StarterContent/Textures/T_Water_N.uasset" 426
"K:/RoombaBall/Content/StarterContent/Particles/Materials/M_Heat_Distortion.uasset" 427
"K:/RoombaBall/Content/StarterContent/Textures/T_Fire_Tiled_D.uasset" 428
"K:/RoombaBall/Content/StarterContent/Textures/T_Fire_SubUV.uasset" 429
"K:/RoombaBall/Content/StarterContent/Particles/Materials/M_Fire_SubUV.uasset" 430
"K:/RoombaBall/Content/StarterContent/Particles/P_Fire.uasset" 431
"K:/RoombaBall/Content/StarterContent/Audio/Fire01_Cue.uasset" 432
"K:/RoombaBall/Content/StarterContent/Blueprints/Blueprint_Effect_Fire.uasset" 433
"K:/RoombaBall/Content/StarterContent/Props/SM_Lamp_Ceiling.uasset" 434
"K:/RoombaBall/Content/StarterContent/Blueprints/Blueprint_CeilingLight.uasset" 435
"K:/RoombaBall/Content/StarterContent/Audio/Starter_Music_Cue.uasset" 436
"K:/RoombaBall/Content/StarterContent/Audio/Collapse_Cue.uasset" 437
"K:/RoombaBall/Content/StarterContent/Architecture/Wall_Window_400x300.uasset" 438
"K:/RoombaBall/Content/StarterContent/Architecture/Wall_Door_400x300.uasset" 439
"K:/RoombaBall/Content/StarterContent/Architecture/Wall_400x200.uasset" 440
"K:/RoombaBall/Content/StarterContent/Shapes/Shape_Sphere.uasset" 441
"K:/RoombaBall/Content/StarterContent/Shapes/Shape_QuadPyramid.uasset" 442
"K:/RoombaBall/Content/StarterContent/Shapes/Shape_Cube.uasset" 443
"K:/RoombaBall/Content/StarterContent/Textures/T_Frame_N.uasset" 444
"K:/RoombaBall/Content/StarterContent/Textures/T_Frame_M.uasset" 445
"K:/RoombaBall/Content/StarterContent/Props/Materials/M_Frame.uasset" 446
"K:/RoombaBall/Content/StarterContent/Props/SM_WindowFrame.uasset" 447
"K:/RoombaBall/Content/StarterContent/Props/SM_PillarFrame300.uasset" 448
"K:/RoombaBall/Content/StarterContent/Props/SM_PillarFrame.uasset" 449
"K:/RoombaBall/Content/StarterContent/Props/SM_GlassWindow.uasset" 450
"K:/RoombaBall/Content/StarterContent/Props/SM_DoorFrame.uasset" 451
"K:/RoombaBall/Content/StarterContent/Props/SM_CornerFrame.uasset" 452
"K:/RoombaBall/Content/StarterContent/Props/MaterialSphere.uasset" 453
"K:/RoombaBall/Content/StarterContent/Textures/T_Dust_Particle_D.uasset" 454
"K:/RoombaBall/Content/StarterContent/Particles/Materials/M_Dust_Particle.uasset" 455
"K:/RoombaBall/Content/StarterContent/Particles/P_Ambient_Dust.uasset" 456
"K:/RoombaBall/Content/StarterContent/Textures/T_Wood_Walnut_N.uasset" 457
"K:/RoombaBall/Content/StarterContent/Textures/T_Wood_Walnut_D.uasset" 458
"K:/RoombaBall/Content/StarterContent/Materials/M_Wood_Walnut.uasset" 459
"K:/RoombaBall/Content/StarterContent/Textures/T_Wood_Pine_N.uasset" 460
"K:/RoombaBall/Content/StarterContent/Textures/T_Wood_Pine_D.uasset" 461
"K:/RoombaBall/Content/StarterContent/Textures/T_Perlin_Noise_M.uasset" 462
"K:/RoombaBall/Content/StarterContent/Materials/M_Wood_Pine.uasset" 463
"K:/RoombaBall/Content/StarterContent/Textures/T_Wood_Oak_N.uasset" 464
"K:/RoombaBall/Content/StarterContent/Textures/T_Wood_Oak_D.uasset" 465
"K:/RoombaBall/Content/StarterContent/Materials/M_Wood_Oak.uasset" 466
"../../../Engine/Content/Functions/Engine_MaterialFunctions01/Opacity/AlphaOffset.uasset" 467
"K:/RoombaBall/Content/StarterContent/Textures/T_Wood_Floor_Walnut_N.uasset" 468
"K:/RoombaBall/Content/StarterContent/Textures/T_Wood_Floor_Walnut_M.uasset" 469
"K:/RoombaBall/Content/StarterContent/Textures/T_Wood_Floor_Walnut_D.uasset" 470
"K:/RoombaBall/Content/StarterContent/Materials/M_Wood_Floor_Walnut_Worn.uasset" 471
"K:/RoombaBall/Content/StarterContent/Materials/M_Wood_Floor_Walnut_Polished.uasset" 472
"K:/RoombaBall/Content/StarterContent/Textures/T_Water_M.uasset" 473
"K:/RoombaBall/Content/StarterContent/Materials/M_Water_Ocean.uasset" 474
"K:/RoombaBall/Content/StarterContent/Materials/M_Water_Lake.uasset" 475
"K:/RoombaBall/Content/StarterContent/Textures/T_Tech_Panel_N.uasset" 476
"K:/RoombaBall/Content/StarterContent/Textures/T_Tech_Panel_M.uasset" 477
"K:/RoombaBall/Content/StarterContent/Textures/T_Metal_Steel_D.uasset" 478
"K:/RoombaBall/Content/StarterContent/Materials/M_Tech_Panel.uasset" 479
"K:/RoombaBall/Content/StarterContent/Textures/T_Tech_Hex_Tile_N.uasset" 480
"K:/RoombaBall/Content/StarterContent/Textures/T_Tech_Hex_Tile_M.uasset" 481
"K:/RoombaBall/Content/StarterContent/Materials/M_Tech_Hex_Tile_Pulse.uasset" 482
"K:/RoombaBall/Content/StarterContent/Materials/M_Tech_Hex_Tile.uasset" 483
"K:/RoombaBall/Content/StarterContent/Textures/T_Tech_Dot_N.uasset" 484
"K:/RoombaBall/Content/StarterContent/Textures/T_Tech_Dot_M.uasset" 485
"K:/RoombaBall/Content/StarterContent/Textures/T_Single_Tile_N.uasset" 486
"K:/RoombaBall/Content/StarterContent/Textures/T_Checker_Noise_M.uasset" 487
"K:/RoombaBall/Content/StarterContent/Materials/M_Tech_Checker_Dot.uasset" 488
"K:/RoombaBall/Content/StarterContent/Textures/T_Rock_Slate_N.uasset" 489
"K:/RoombaBall/Content/StarterContent/Textures/T_Rock_Slate_D.uasset" 490
"K:/RoombaBall/Content/StarterContent/Materials/M_Rock_Slate.uasset" 491
"K:/RoombaBall/Content/StarterContent/Textures/T_Rock_Sandstone_N.uasset" 492
"K:/RoombaBall/Content/StarterContent/Textures/T_Rock_Sandstone_D.uasset" 493
"K:/RoombaBall/Content/StarterContent/Materials/M_Rock_Sandstone.uasset" 494
"K:/RoombaBall/Content/StarterContent/Textures/T_Rock_Marble_Polished_D.uasset" 495
"K:/RoombaBall/Content/StarterContent/Materials/M_Rock_Marble_Polished.uasset" 496
"K:/RoombaBall/Content/StarterContent/Textures/T_Rock_Basalt_N.uasset" 497
"K:/RoombaBall/Content/StarterContent/Materials/M_Rock_Basalt.uasset" 498
"K:/RoombaBall/Content/StarterContent/Textures/T_Metal_Steel_N.uasset" 499
"K:/RoombaBall/Content/StarterContent/Materials/M_Metal_Steel.uasset" 500
"K:/RoombaBall/Content/StarterContent/Textures/T_Metal_Rust_D.uasset" 501
"K:/RoombaBall/Content/StarterContent/Textures/T_Metal_Rust_N.uasset" 502
"K:/RoombaBall/Content/StarterContent/Materials/M_Metal_Rust.uasset" 503
"K:/RoombaBall/Content/StarterContent/Textures/T_Metal_Gold_D.uasset" 504
"K:/RoombaBall/Content/StarterContent/Materials/M_Metal_Gold.uasset" 505
"K:/RoombaBall/Content/StarterContent/Materials/M_Metal_Chrome.uasset" 506
"K:/RoombaBall/Content/StarterContent/Textures/T_Ground_Moss_N.uasset" 507
"K:/RoombaBall/Content/StarterContent/Textures/T_ground_Moss_D.uasset" 508
"K:/RoombaBall/Content/StarterContent/Materials/M_Ground_Moss.uasset" 509
"K:/RoombaBall/Content/StarterContent/Textures/T_Ground_Gravel_N.uasset" 510
"K:/RoombaBall/Content/StarterContent/Textures/T_Ground_Gravel_D.uasset" 511
"K:/RoombaBall/Content/StarterContent/Materials/M_Ground_Gravel.uasset" 512
"K:/RoombaBall/Content/StarterContent/Textures/T_Ground_Grass_N.uasset" 513
"K:/RoombaBall/Content/StarterContent/Textures/T_Ground_Grass_D.uasset" 514
"K:/RoombaBall/Content/StarterContent/Materials/M_Ground_Grass.uasset" 515
"K:/RoombaBall/Content/StarterContent/Textures/T_Concrete_Tiles_Variation_M.uasset" 516
"K:/RoombaBall/Content/StarterContent/Textures/T_Concrete_Tiles_N.uasset" 517
"K:/RoombaBall/Content/StarterContent/Textures/T_Concrete_Tiles_M.uasset" 518
"K:/RoombaBall/Content/StarterContent/Textures/T_Concrete_Tiles_D.uasset" 519
"K:/RoombaBall/Content/StarterContent/Materials/M_Concrete_Tiles.uasset" 520
"K:/RoombaBall/Content/StarterContent/Textures/T_Concrete_Panels_N.uasset" 521
"K:/RoombaBall/Content/StarterContent/Textures/T_Concrete_Panels_D.uasset" 522
"K:/RoombaBall/Content/StarterContent/Materials/M_Concrete_Panels.uasset" 523
"K:/RoombaBall/Content/StarterContent/Textures/T_Concrete_Grime_D.uasset" 524
"K:/RoombaBall/Content/StarterContent/Materials/M_Concrete_Grime.uasset" 525
"K:/RoombaBall/Content/StarterContent/Textures/T_CobbleStone_Smooth_N.uasset" 526
"K:/RoombaBall/Content/StarterContent/Textures/T_CobbleStone_Smooth_M.uasset" 527
"K:/RoombaBall/Content/StarterContent/Textures/T_CobbleStone_Smooth_D.uasset" 528
"K:/RoombaBall/Content/StarterContent/Textures/T_Rock_Smooth_Granite_D.uasset" 529
"K:/RoombaBall/Content/StarterContent/Textures/T_Gradinet_01.uasset" 530
"K:/RoombaBall/Content/StarterContent/Materials/M_CobbleStone_Smooth.uasset" 531
"K:/RoombaBall/Content/StarterContent/Textures/T_CobbleStone_Rough_N.uasset" 532
"K:/RoombaBall/Content/StarterContent/Textures/T_CobbleStone_Rough_D.uasset" 533
"K:/RoombaBall/Content/StarterContent/Materials/M_CobbleStone_Rough.uasset" 534
"K:/RoombaBall/Content/StarterContent/Textures/T_CobbleStone_Pebble_N.uasset" 535
"K:/RoombaBall/Content/StarterContent/Textures/T_CobbleStone_Pebble_M.uasset" 536
"K:/RoombaBall/Content/StarterContent/Textures/T_CobbleStone_Pebble_D.uasset" 537
"K:/RoombaBall/Content/StarterContent/Materials/M_CobbleStone_Pebble.uasset" 538
"K:/RoombaBall/Content/StarterContent/Textures/T_Ceramic_Tile_N.uasset" 539
"K:/RoombaBall/Content/StarterContent/Textures/T_Ceramic_Tile_M.uasset" 540
"K:/RoombaBall/Content/StarterContent/Materials/M_Ceramic_Tile_Checker.uasset" 541
"K:/RoombaBall/Content/StarterContent/Textures/T_Brick_Hewn_Stone_N.uasset" 542
"K:/RoombaBall/Content/StarterContent/Textures/T_Brick_Hewn_Stone_M.uasset" 543
"K:/RoombaBall/Content/StarterContent/Textures/T_Brick_Hewn_Stone_D.uasset" 544
"K:/RoombaBall/Content/StarterContent/Materials/M_Brick_Hewn_Stone.uasset" 545
"K:/RoombaBall/Content/StarterContent/Textures/T_Brick_Cut_Stone_N.uasset" 546
"K:/RoombaBall/Content/StarterContent/Textures/T_Brick_Cut_Stone_D.uasset" 547
"K:/RoombaBall/Content/StarterContent/Materials/M_Brick_Cut_Stone.uasset" 548
"K:/RoombaBall/Content/StarterContent/Textures/T_Brick_Clay_Old_N.uasset" 549
"K:/RoombaBall/Content/StarterContent/Textures/T_Brick_Clay_Old_D.uasset" 550
"K:/RoombaBall/Content/StarterContent/Materials/M_Brick_Clay_Old.uasset" 551
"K:/RoombaBall/Content/StarterContent/Textures/T_Brick_Clay_New_N.uasset" 552
"K:/RoombaBall/Content/StarterContent/Textures/T_Brick_Clay_New_M.uasset" 553
"K:/RoombaBall/Content/StarterContent/Textures/T_Brick_Clay_New_D.uasset" 554
"K:/RoombaBall/Content/StarterContent/Materials/M_Brick_Clay_New.uasset" 555
"K:/RoombaBall/Content/StarterContent/Textures/T_Brick_Clay_Beveled_N.uasset" 556
"K:/RoombaBall/Content/StarterContent/Textures/T_Brick_Clay_Beveled_M.uasset" 557
"K:/RoombaBall/Content/StarterContent/Textures/T_Brick_Clay_Beveled_D.uasset" 558
"K:/RoombaBall/Content/StarterContent/Materials/M_Brick_Clay_Beveled.uasset" 559
"../../../Engine/Content/Functions/Engine_MaterialFunctions03/Procedurals/ComputeFilterWidth.uasset" 560
"../../../Engine/Content/EngineMaterials/AntiAliasedTextMaterialTranslucent.uasset" 561
"K:/RoombaBall/Content/StarterContent/Maps/StarterMap_BuiltData.uasset" 562
"K:/RoombaBall/Content/StarterContent/Textures/T_Concrete_Poured_N.uasset" 563
"K:/RoombaBall/Content/StarterContent/Textures/T_Concrete_Poured_D.uasset" 564
"K:/RoombaBall/Content/StarterContent/Materials/M_Concrete_Poured.uasset" 565
"K:/RoombaBall/Content/StarterContent/Maps/StarterMap.umap" 566
"K:/RoombaBall/Content/ThirdPersonBP/Maps/ThirdPersonExampleMap_BuiltData.uasset" 567
"K:/RoombaBall/Content/Geometry/Meshes/TemplateFloor.uasset" 568
"K:/RoombaBall/Content/Geometry/Meshes/1M_Cube.uasset" 569
"K:/RoombaBall/Content/ThirdPersonBP/Maps/ThirdPersonExampleMap.umap" 570
"../../../Engine/Content/Maps/Entry_BuiltData.uasset" 571
"../../../Engine/Content/Maps/Entry.umap" 572
